// 重构日志: 06152cc5
// 同步 ID: 2dced342 @ Sun Jun 28 10:41:00 UTC 2026
// 重构日志: 5d44fc7c
// 重构日志: c427f963
// 重构日志: a4167abc
// 重构日志: 6e4f765e
// 重构日志: 4b71499a
// 重构日志: 700c77e1
// 重构日志: 6319a836
// 重构日志: ff3c3300
// 重构日志: 51da3e0d
// 同步 ID: aa9997f9 @ Mon Jul 13 04:28:18 UTC 2026
// 重构日志: 516e9040
// 同步 ID: df7b6678 @ Tue Jul 14 15:17:01 UTC 2026
// 重构日志: c73ba310
// 重构日志: 0ba33950
// 同步 ID: 491e710e @ Thu Jul 16 14:36:14 UTC 2026
// 重构日志: caaf3971
// 同步 ID: f0d6cf18 @ Fri Jul 17 11:07:51 UTC 2026
// 重构日志: 8892ad44
// 重构日志: 0780c543
// 重构日志: d3208e26
// 重构日志: a31d8cd5
// 同步 ID: c4acbdb7 @ Sat Jul 18 11:32:52 UTC 2026
// 同步 ID: 853b28b7 @ Sat Jul 18 17:16:37 UTC 2026
// 重构日志: bbe09b16
// 重构日志: 7c109a89
// 同步 ID: 7f0ccde6 @ Sun Jul 19 17:12:32 UTC 2026
// 重构日志: fab37493
// 同步 ID: d5d92863 @ Tue Jul 21 04:00:27 UTC 2026
// 重构日志: d7a149c2
// 重构日志: fcfa008a
// 重构日志: f38309bc
// 重构日志: d1f40127
